[INFO ] 2020-06-23 10:08:46.945  - Сервер запущен. /127.0.0.1:1
[INFO ] 2020-06-23 10:08:54.897  - Соединение уcтановлено: /127.0.0.1:1
[INFO ] 2020-06-23 10:08:54.898  - Сервер закрыт
[INFO ] 2020-06-23 10:08:57.498  - Сервер закрыт
[INFO ] 2020-06-23 10:08:57.509  - Вызвана команада: Command{current=SHOW}
[INFO ] 2020-06-23 10:08:57.522  - Комманда обработана успешно. Ответ:В коллекции нет элементов

[INFO ] 2020-06-23 10:08:57.523  - Сервер закрыт
[INFO ] 2020-06-23 10:08:59.515  - Сервер закрыт
[INFO ] 2020-06-23 10:08:59.515  - Вызвана команада: Command{current=INFO}
[INFO ] 2020-06-23 10:08:59.523  - Комманда обработана успешно. Ответ:Тип коллекции: java.util.LinkedList
Колличество элементов: 0
Коллеция создана: Tue Jun 23 10:08:46 MSK 2020

[INFO ] 2020-06-23 10:08:59.523  - Сервер закрыт
[INFO ] 2020-06-23 10:09:02.443  - Соединение разорвано. Сервер продолжил работать.
[INFO ] 2020-06-23 10:09:02.444  - Сервер закрыт
[INFO ] 2020-06-23 10:09:06.100  - Коллекция сохранена
[INFO ] 2020-06-23 10:18:04.447  - Сервер запущен. /127.0.0.1:1
[INFO ] 2020-06-23 10:19:40.479  - Сервер запущен. /127.0.0.1:1
[INFO ] 2020-06-23 10:19:52.280  - Соединение уcтановлено: /127.0.0.1:1
[INFO ] 2020-06-23 10:19:59.743  - Вызвана команада: Command{current=SHOW}
[INFO ] 2020-06-23 10:19:59.755  - Комманда обработана успешно. Ответ:В коллекции нет элементов

[INFO ] 2020-06-23 10:20:08.576  - Вызвана команада: CommandWithObj{route=program.Route{id=null, name='q', coordinates=program.Coordinates{x=1, y=1}, creationDate=2020-06-23T10:20:06.621952500+03:00[Europe/Moscow], from=null, to=program.Location{x=1, y=1, z=11, name='1'}, distance=11}}
[INFO ] 2020-06-23 10:20:08.578  - Комманда обработана успешно. Ответ:Элемент с id: 1350377340 успешно добавлен

[INFO ] 2020-06-23 10:20:12.305  - Вызвана команада: Command{current=SHOW}
[INFO ] 2020-06-23 10:20:12.307  - Комманда обработана успешно. Ответ:program.Route{id=1350377340, name='q', coordinates=program.Coordinates{x=1, y=1}, creationDate=2020-06-23T10:20:06.621952500+03:00[Europe/Moscow], from=null, to=program.Location{x=1, y=1, z=11, name='1'}, distance=11}

[INFO ] 2020-06-23 10:20:16.721  - Вызвана команада: Command{current=INFO}
[INFO ] 2020-06-23 10:20:16.727  - Комманда обработана успешно. Ответ:Тип коллекции: java.util.LinkedList
Колличество элементов: 1
Коллеция создана: Tue Jun 23 10:19:40 MSK 2020

[INFO ] 2020-06-23 10:20:19.490  - Соединение разорвано. Сервер продолжил работать.
[INFO ] 2020-06-23 10:20:23.169  - Сервер закрыт
[INFO ] 2020-06-23 10:20:23.189  - Коллекция сохранена
[INFO ] 2020-06-23 13:48:47.603  - Сервер запущен. /127.0.0.1:1
[INFO ] 2020-06-23 13:49:01.003  - Соединение уcтановлено: /127.0.0.1:1
