[INFO ] 2020-06-28 18:50:20.377  - Сервер запущен. /127.0.0.1:1
[INFO ] 2020-06-28 18:51:04.250  - Соединение уcтановлено: /127.0.0.1:1
[INFO ] 2020-06-28 18:51:08.986  - Вызвана команада: Command{current=HELP}
[INFO ] 2020-06-28 18:51:09.034  - Комманда обработана успешно. Ответ:help : вывести справку по доступным командам
info : вывести в стандартный поток вывода информацию о коллекции (тип, дата инициализации, количество элементов и т.д.)
show : вывести в стандартный поток вывода все элементы коллекции в строковом представлении
add {element} : добавить новый элемент в коллекцию
update id {element} : обновить значение элемента коллекции, id которого равен заданному
remove_by_id id : удалить элемент из коллекции по его id
clear : очистить коллекцию
save : сохранить коллекцию в файл
execute_script file_name : считать и исполнить скрипт из указанного файла. В скрипте содержатся команды в таком же виде, в котором их вводит пользователь в интерактивном режиме.
exit : завершить программу (без сохранения в файл)
add_if_min {element} : добавить новый элемент в коллекцию, если его значение меньше, чем у наименьшего элемента этой коллекции
remove_greater {element} : удалить из коллекции все элементы, превышающие заданный
remove_lower {element} : удалить из коллекции все элементы, меньшие, чем заданный
average_of_distance : вывести среднее значение поля distance для всех элементов коллекции
min_by_creation_date : вывести любой объект из коллекции, значение поля creationDate которого является минимальным
print_field_ascending_distance : вывести значения поля distance в порядке возрастания

[INFO ] 2020-06-28 18:51:09.057  - Соединение разорвано. Сервер продолжил работать.
[INFO ] 2020-06-28 18:53:06.253  - Сервер запущен. /127.0.0.1:1
[INFO ] 2020-06-28 18:53:15.828  - Соединение уcтановлено: /127.0.0.1:1
[INFO ] 2020-06-28 18:53:18.768  - Вызвана команада: Command{current=HELP}
[INFO ] 2020-06-28 18:53:18.782  - Комманда обработана успешно. Ответ:help : вывести справку по доступным командам
info : вывести в стандартный поток вывода информацию о коллекции (тип, дата инициализации, количество элементов и т.д.)
show : вывести в стандартный поток вывода все элементы коллекции в строковом представлении
add {element} : добавить новый элемент в коллекцию
update id {element} : обновить значение элемента коллекции, id которого равен заданному
remove_by_id id : удалить элемент из коллекции по его id
clear : очистить коллекцию
save : сохранить коллекцию в файл
execute_script file_name : считать и исполнить скрипт из указанного файла. В скрипте содержатся команды в таком же виде, в котором их вводит пользователь в интерактивном режиме.
exit : завершить программу (без сохранения в файл)
add_if_min {element} : добавить новый элемент в коллекцию, если его значение меньше, чем у наименьшего элемента этой коллекции
remove_greater {element} : удалить из коллекции все элементы, превышающие заданный
remove_lower {element} : удалить из коллекции все элементы, меньшие, чем заданный
average_of_distance : вывести среднее значение поля distance для всех элементов коллекции
min_by_creation_date : вывести любой объект из коллекции, значение поля creationDate которого является минимальным
print_field_ascending_distance : вывести значения поля distance в порядке возрастания

[INFO ] 2020-06-28 18:53:18.788  - Соединение разорвано. Сервер продолжил работать.
[INFO ] 2020-06-28 18:54:01.455  - Соединение уcтановлено: /127.0.0.1:1
[INFO ] 2020-06-28 18:54:06.687  - Вызвана команада: Command{current=HELP}
[INFO ] 2020-06-28 18:54:06.688  - Комманда обработана успешно. Ответ:help : вывести справку по доступным командам
info : вывести в стандартный поток вывода информацию о коллекции (тип, дата инициализации, количество элементов и т.д.)
show : вывести в стандартный поток вывода все элементы коллекции в строковом представлении
add {element} : добавить новый элемент в коллекцию
update id {element} : обновить значение элемента коллекции, id которого равен заданному
remove_by_id id : удалить элемент из коллекции по его id
clear : очистить коллекцию
save : сохранить коллекцию в файл
execute_script file_name : считать и исполнить скрипт из указанного файла. В скрипте содержатся команды в таком же виде, в котором их вводит пользователь в интерактивном режиме.
exit : завершить программу (без сохранения в файл)
add_if_min {element} : добавить новый элемент в коллекцию, если его значение меньше, чем у наименьшего элемента этой коллекции
remove_greater {element} : удалить из коллекции все элементы, превышающие заданный
remove_lower {element} : удалить из коллекции все элементы, меньшие, чем заданный
average_of_distance : вывести среднее значение поля distance для всех элементов коллекции
min_by_creation_date : вывести любой объект из коллекции, значение поля creationDate которого является минимальным
print_field_ascending_distance : вывести значения поля distance в порядке возрастания

[INFO ] 2020-06-28 18:54:06.694  - Соединение разорвано. Сервер продолжил работать.
[INFO ] 2020-06-28 18:54:47.336  - Сервер запущен. /127.0.0.1:1
[INFO ] 2020-06-28 18:54:52.624  - Соединение уcтановлено: /127.0.0.1:1
[INFO ] 2020-06-28 18:54:55.321  - Вызвана команада: Command{current=HELP}
[INFO ] 2020-06-28 18:54:55.331  - Комманда обработана успешно. Ответ:help : вывести справку по доступным командам
info : вывести в стандартный поток вывода информацию о коллекции (тип, дата инициализации, количество элементов и т.д.)
show : вывести в стандартный поток вывода все элементы коллекции в строковом представлении
add {element} : добавить новый элемент в коллекцию
update id {element} : обновить значение элемента коллекции, id которого равен заданному
remove_by_id id : удалить элемент из коллекции по его id
clear : очистить коллекцию
save : сохранить коллекцию в файл
execute_script file_name : считать и исполнить скрипт из указанного файла. В скрипте содержатся команды в таком же виде, в котором их вводит пользователь в интерактивном режиме.
exit : завершить программу (без сохранения в файл)
add_if_min {element} : добавить новый элемент в коллекцию, если его значение меньше, чем у наименьшего элемента этой коллекции
remove_greater {element} : удалить из коллекции все элементы, превышающие заданный
remove_lower {element} : удалить из коллекции все элементы, меньшие, чем заданный
average_of_distance : вывести среднее значение поля distance для всех элементов коллекции
min_by_creation_date : вывести любой объект из коллекции, значение поля creationDate которого является минимальным
print_field_ascending_distance : вывести значения поля distance в порядке возрастания

[INFO ] 2020-06-28 18:54:55.337  - Соединение разорвано. Сервер продолжил работать.
