[INFO ] 2020-07-02 22:34:10.593  - Сервер запущен. /127.0.0.1:4329
[INFO ] 2020-07-02 22:39:02.265  - Сервер запущен. /127.0.0.1:4329
[INFO ] 2020-07-02 22:39:10.778  - Вызвана команада: Command{current=SHOW}
[INFO ] 2020-07-02 22:39:10.783  - Комманда обработана успешно. Ответ:В коллекции нет элементов
end
[INFO ] 2020-07-02 22:40:03.267  - Вызвана команада: Command{current=INFO}
[INFO ] 2020-07-02 22:40:03.268  - Комманда обработана успешно. Ответ:Тип коллекции: java.util.LinkedList
Колличество элементов: 0
Коллеция создана: Thu Jul 02 22:39:02 MSK 2020
end
[INFO ] 2020-07-02 22:40:58.919  - Вызвана команада: Command{current=HELP}
[INFO ] 2020-07-02 22:40:58.920  - Комманда обработана успешно. Ответ:help : вывести справку по доступным командам
info : вывести в стандартный поток вывода информацию о коллекции (тип, дата инициализации, количество элементов и т.д.)
show : вывести в стандартный поток вывода все элементы коллекции в строковом представлении
add {element} : добавить новый элемент в коллекцию
update id {element} : обновить значение элемента коллекции, id которого равен заданному
remove_by_id id : удалить элемент из коллекции по его id
clear : очистить коллекцию
save : сохранить коллекцию в файл
execute_script file_name : считать и исполнить скрипт из указанного файла. В скрипте содержатся команды в таком же виде, в котором их вводит пользователь в интерактивном режиме.
exit : завершить программу (без сохранения в файл)
add_if_min {element} : добавить новый элемент в коллекцию, если его значение меньше, чем у наименьшего элемента этой коллекции
remove_greater {element} : удалить из коллекции все элементы, превышающие заданный
remove_lower {element} : удалить из коллекции все элементы, меньшие, чем заданный
average_of_distance : вывести среднее значение поля distance для всех элементов коллекции
min_by_creation_date : вывести любой объект из коллекции, значение поля creationDate которого является минимальным
print_field_ascending_distance : вывести значения поля distance в порядке возрастания
end
[INFO ] 2020-07-02 22:41:34.088  - Вызвана команада: CommandWithObj{route=program.Route{id=1790026931, name='qwwf', coordinates=program.Coordinates{x=1, y=1}, creationDate=2020-07-02T22:41:21.624551800+03:00[Europe/Moscow], from=program.Location{x=23343, y=2, z=21, name='3'}, to=program.Location{x=1, y=1, z=1, name='1'}, distance=2}}
[INFO ] 2020-07-02 22:41:34.089  - Комманда обработана успешно. Ответ:Элемент с id: 1790026931 успешно добавлен
end
[INFO ] 2020-07-02 22:41:38.265  - Вызвана команада: Command{current=SHOW}
[INFO ] 2020-07-02 22:41:38.265  - Комманда обработана успешно. Ответ:program.Route{id=1790026931, name='qwwf', coordinates=program.Coordinates{x=1, y=1}, creationDate=2020-07-02T22:41:21.624551800+03:00[Europe/Moscow], from=program.Location{x=23343, y=2, z=21, name='3'}, to=program.Location{x=1, y=1, z=1, name='1'}, distance=2}
end
[INFO ] 2020-07-02 23:28:38.215  - Сервер запущен. /127.0.0.1:4329
[ERROR] 2020-07-02 23:33:31.449  - Пренудительное закрытие сервера.
[ERROR] 2020-07-02 23:33:31.452  - Address already in use: bind
[INFO ] 2020-07-02 23:33:31.532  - Коллекция сохранена
[ERROR] 2020-07-02 23:33:40.866  - Пренудительное закрытие сервера.
[ERROR] 2020-07-02 23:33:40.873  - Address already in use: bind
[INFO ] 2020-07-02 23:33:40.936  - Коллекция сохранена
[INFO ] 2020-07-02 23:33:54.491  - Вызвана команада: Command{current=SHOW}
[INFO ] 2020-07-02 23:33:54.497  - Комманда обработана успешно. Ответ:В коллекции нет элементов
end
[INFO ] 2020-07-02 23:34:00.286  - Вызвана команада: Command{current=HELP}
[INFO ] 2020-07-02 23:34:00.286  - Комманда обработана успешно. Ответ:help : вывести справку по доступным командам
info : вывести в стандартный поток вывода информацию о коллекции (тип, дата инициализации, количество элементов и т.д.)
show : вывести в стандартный поток вывода все элементы коллекции в строковом представлении
add {element} : добавить новый элемент в коллекцию
update id {element} : обновить значение элемента коллекции, id которого равен заданному
remove_by_id id : удалить элемент из коллекции по его id
clear : очистить коллекцию
save : сохранить коллекцию в файл
execute_script file_name : считать и исполнить скрипт из указанного файла. В скрипте содержатся команды в таком же виде, в котором их вводит пользователь в интерактивном режиме.
exit : завершить программу (без сохранения в файл)
add_if_min {element} : добавить новый элемент в коллекцию, если его значение меньше, чем у наименьшего элемента этой коллекции
remove_greater {element} : удалить из коллекции все элементы, превышающие заданный
remove_lower {element} : удалить из коллекции все элементы, меньшие, чем заданный
average_of_distance : вывести среднее значение поля distance для всех элементов коллекции
min_by_creation_date : вывести любой объект из коллекции, значение поля creationDate которого является минимальным
print_field_ascending_distance : вывести значения поля distance в порядке возрастания
end
[INFO ] 2020-07-02 23:38:42.881  - Сервер запущен. /127.0.0.1:4329
[INFO ] 2020-07-02 23:38:48.890  - Соединение уcтановлено: /127.0.0.1:4329
[ERROR] 2020-07-02 23:38:49.903  - Пренудительное закрытие сервера.
[ERROR] 2020-07-02 23:38:49.903  - invalid stream header: AF000000
[INFO ] 2020-07-02 23:38:49.951  - Коллекция сохранена
[INFO ] 2020-07-02 23:39:00.346  - Сервер запущен. /127.0.0.1:4329
[INFO ] 2020-07-02 23:40:40.076  - Вызвана команада: Command{current=SHOW}
[INFO ] 2020-07-02 23:40:40.079  - Комманда обработана успешно. Ответ:В коллекции нет элементов
end
[INFO ] 2020-07-02 23:41:44.964  - Сервер закрыт
[INFO ] 2020-07-02 23:41:44.971  - Коллекция сохранена
[INFO ] 2020-07-02 23:42:28.060  - Вызвана команада: Command{current=INFO}
[INFO ] 2020-07-02 23:42:28.060  - Комманда обработана успешно. Ответ:Тип коллекции: java.util.LinkedList
Колличество элементов: 0
Коллеция создана: Thu Jul 02 23:39:00 MSK 2020
end
[INFO ] 2020-07-02 23:43:40.581  - Сервер запущен. /127.0.0.1:4329
[INFO ] 2020-07-02 23:43:46.238  - Сервер закрыт
[INFO ] 2020-07-02 23:43:46.243  - Коллекция сохранена
[INFO ] 2020-07-02 23:43:51.969  - Сервер запущен. /127.0.0.1:4329
[INFO ] 2020-07-02 23:44:04.460  - Вызвана команада: Command{current=SHOW}
[INFO ] 2020-07-02 23:44:04.461  - Комманда обработана успешно. Ответ:В коллекции нет элементов
end
[INFO ] 2020-07-02 23:44:08.392  - Сервер закрыт
[INFO ] 2020-07-02 23:44:08.402  - Коллекция сохранена
[INFO ] 2020-07-02 23:44:14.845  - Вызвана команада: Command{current=SHOW}
[INFO ] 2020-07-02 23:44:14.845  - Комманда обработана успешно. Ответ:В коллекции нет элементов
end
