[INFO ] 2020-07-04 02:04:06.460  - –°–µ—Ä–≤–µ—Ä –∑–∞–ø—É—â–µ–Ω. /127.0.0.1:4329
[INFO ] 2020-07-04 02:04:31.069  - –í—ã–∑–≤–∞–Ω–∞ –∫–æ–º–∞–Ω–∞–¥–∞: Command{current=REGISTER}
[INFO ] 2020-07-04 02:04:31.075  - –ö–æ–º–º–∞–Ω–¥–∞ –æ–±—Ä–∞–±–æ—Ç–∞–Ω–∞ —É—Å–ø–µ—à–Ω–æ. –û—Ç–≤–µ—Ç:–ü–æ–ª—å–∑–æ–≤–∞—Ç–µ–ª—å —É—Å–ø–µ—à–Ω–æ –∑–∞—Ä–µ–≥–µ—Å—Ç—Ä–∏—Ä–æ–≤–∞–Ω.
end
[INFO ] 2020-07-04 02:05:00.412  - –í—ã–∑–≤–∞–Ω–∞ –∫–æ–º–∞–Ω–∞–¥–∞: CommandWithObj{route=program.Route{id=607803953, name='fsdf', coordinates=program.Coordinates{x=23, y=23}, creationDate=2020-07-04T02:04:50.517411400+03:00[Europe/Moscow], from=null, to=program.Location{x=23, y=23, z=32, name='32'}, distance=123}}
[INFO ] 2020-07-04 02:05:00.413  - –ö–æ–º–º–∞–Ω–¥–∞ –æ–±—Ä–∞–±–æ—Ç–∞–Ω–∞ —É—Å–ø–µ—à–Ω–æ. –û—Ç–≤–µ—Ç:–≠–ª–µ–º–µ–Ω—Ç —Å id: 607803953 —É—Å–ø–µ—à–Ω–æ –¥–æ–±–∞–≤–ª–µ–Ω
end
[INFO ] 2020-07-04 02:05:04.880  - –í—ã–∑–≤–∞–Ω–∞ –∫–æ–º–∞–Ω–∞–¥–∞: Command{current=SHOW}
[INFO ] 2020-07-04 02:05:04.881  - –ö–æ–º–º–∞–Ω–¥–∞ –æ–±—Ä–∞–±–æ—Ç–∞–Ω–∞ —É—Å–ø–µ—à–Ω–æ. –û—Ç–≤–µ—Ç:–í—Å–µ –¥–æ–±–∞–≤–ª–µ–Ω–Ω—ã–µ —ç–ª–µ–º–µ–Ω—Ç—ã –ø–æ–æ–ª—å–∑–æ–≤–∞—Ç–µ–ª—è: kkjkkjljh
–í –∫–æ–ª–ª–µ–∫—Ü–∏–∏ –Ω–µ—Ç —ç–ª–µ–º–µ–Ω—Ç–æ–≤
–í—Å–µ –¥–æ–±–∞–≤–ª–µ–Ω–Ω—ã–µ —ç–ª–µ–º–µ–Ω—Ç—ã –ø–æ–æ–ª—å–∑–æ–≤–∞—Ç–µ–ª—è: –ü–†–ò–í–ï–¢
–í –∫–æ–ª–ª–µ–∫—Ü–∏–∏ –Ω–µ—Ç —ç–ª–µ–º–µ–Ω—Ç–æ–≤
–í—Å–µ –¥–æ–±–∞–≤–ª–µ–Ω–Ω—ã–µ —ç–ª–µ–º–µ–Ω—Ç—ã –ø–æ–æ–ª—å–∑–æ–≤–∞—Ç–µ–ª—è: 12
–í –∫–æ–ª–ª–µ–∫—Ü–∏–∏ –Ω–µ—Ç —ç–ª–µ–º–µ–Ω—Ç–æ–≤
–í—Å–µ –¥–æ–±–∞–≤–ª–µ–Ω–Ω—ã–µ —ç–ª–µ–º–µ–Ω—Ç—ã –ø–æ–æ–ª—å–∑–æ–≤–∞—Ç–µ–ª—è: ‚ñ†‚ñ†
–í –∫–æ–ª–ª–µ–∫—Ü–∏–∏ –Ω–µ—Ç —ç–ª–µ–º–µ–Ω—Ç–æ–≤
–í—Å–µ –¥–æ–±–∞–≤–ª–µ–Ω–Ω—ã–µ —ç–ª–µ–º–µ–Ω—Ç—ã –ø–æ–æ–ª—å–∑–æ–≤–∞—Ç–µ–ª—è: ‚ò†üëªüëΩü§†üêπüê±‚Äçüèç
–í –∫–æ–ª–ª–µ–∫—Ü–∏–∏ –Ω–µ—Ç —ç–ª–µ–º–µ–Ω—Ç–æ–≤
–í—Å–µ –¥–æ–±–∞–≤–ª–µ–Ω–Ω—ã–µ —ç–ª–µ–º–µ–Ω—Ç—ã –ø–æ–æ–ª—å–∑–æ–≤–∞—Ç–µ–ª—è: ggjg
–í –∫–æ–ª–ª–µ–∫—Ü–∏–∏ –Ω–µ—Ç —ç–ª–µ–º–µ–Ω—Ç–æ–≤
–í—Å–µ –¥–æ–±–∞–≤–ª–µ–Ω–Ω—ã–µ —ç–ª–µ–º–µ–Ω—Ç—ã –ø–æ–æ–ª—å–∑–æ–≤–∞—Ç–µ–ª—è: 1
program.Route{id=607803953, name='fsdf', coordinates=program.Coordinates{x=23, y=23}, creationDate=2020-07-04T02:04:50.517411400+03:00[Europe/Moscow], from=null, to=program.Location{x=23, y=23, z=32, name='32'}, distance=123}
–í—Å–µ –¥–æ–±–∞–≤–ª–µ–Ω–Ω—ã–µ —ç–ª–µ–º–µ–Ω—Ç—ã –ø–æ–æ–ª—å–∑–æ–≤–∞—Ç–µ–ª—è: üíãüíã
–í –∫–æ–ª–ª–µ–∫—Ü–∏–∏ –Ω–µ—Ç —ç–ª–µ–º–µ–Ω—Ç–æ–≤
end
[INFO ] 2020-07-04 02:05:54.787  - –í—ã–∑–≤–∞–Ω–∞ –∫–æ–º–∞–Ω–∞–¥–∞: Command{current=SHOW}
[INFO ] 2020-07-04 02:05:54.788  - –ö–æ–º–º–∞–Ω–¥–∞ –æ–±—Ä–∞–±–æ—Ç–∞–Ω–∞ —É—Å–ø–µ—à–Ω–æ. –û—Ç–≤–µ—Ç:–í—Å–µ –¥–æ–±–∞–≤–ª–µ–Ω–Ω—ã–µ —ç–ª–µ–º–µ–Ω—Ç—ã –ø–æ–æ–ª—å–∑–æ–≤–∞—Ç–µ–ª—è: kkjkkjljh
–í –∫–æ–ª–ª–µ–∫—Ü–∏–∏ –Ω–µ—Ç —ç–ª–µ–º–µ–Ω—Ç–æ–≤
–í—Å–µ –¥–æ–±–∞–≤–ª–µ–Ω–Ω—ã–µ —ç–ª–µ–º–µ–Ω—Ç—ã –ø–æ–æ–ª—å–∑–æ–≤–∞—Ç–µ–ª—è: –ü–†–ò–í–ï–¢
–í –∫–æ–ª–ª–µ–∫—Ü–∏–∏ –Ω–µ—Ç —ç–ª–µ–º–µ–Ω—Ç–æ–≤
–í—Å–µ –¥–æ–±–∞–≤–ª–µ–Ω–Ω—ã–µ —ç–ª–µ–º–µ–Ω—Ç—ã –ø–æ–æ–ª—å–∑–æ–≤–∞—Ç–µ–ª—è: 12
–í –∫–æ–ª–ª–µ–∫—Ü–∏–∏ –Ω–µ—Ç —ç–ª–µ–º–µ–Ω—Ç–æ–≤
–í—Å–µ –¥–æ–±–∞–≤–ª–µ–Ω–Ω—ã–µ —ç–ª–µ–º–µ–Ω—Ç—ã –ø–æ–æ–ª—å–∑–æ–≤–∞—Ç–µ–ª—è: ‚ñ†‚ñ†
–í –∫–æ–ª–ª–µ–∫—Ü–∏–∏ –Ω–µ—Ç —ç–ª–µ–º–µ–Ω—Ç–æ–≤
–í—Å–µ –¥–æ–±–∞–≤–ª–µ–Ω–Ω—ã–µ —ç–ª–µ–º–µ–Ω—Ç—ã –ø–æ–æ–ª—å–∑–æ–≤–∞—Ç–µ–ª—è: ‚ò†üëªüëΩü§†üêπüê±‚Äçüèç
–í –∫–æ–ª–ª–µ–∫—Ü–∏–∏ –Ω–µ—Ç —ç–ª–µ–º–µ–Ω—Ç–æ–≤
–í—Å–µ –¥–æ–±–∞–≤–ª–µ–Ω–Ω—ã–µ —ç–ª–µ–º–µ–Ω—Ç—ã –ø–æ–æ–ª—å–∑–æ–≤–∞—Ç–µ–ª—è: ggjg
–í –∫–æ–ª–ª–µ–∫—Ü–∏–∏ –Ω–µ—Ç —ç–ª–µ–º–µ–Ω—Ç–æ–≤
–í—Å–µ –¥–æ–±–∞–≤–ª–µ–Ω–Ω—ã–µ —ç–ª–µ–º–µ–Ω—Ç—ã –ø–æ–æ–ª—å–∑–æ–≤–∞—Ç–µ–ª—è: 1
program.Route{id=607803953, name='fsdf', coordinates=program.Coordinates{x=23, y=23}, creationDate=2020-07-04T02:04:50.517411400+03:00[Europe/Moscow], from=null, to=program.Location{x=23, y=23, z=32, name='32'}, distance=123}
–í—Å–µ –¥–æ–±–∞–≤–ª–µ–Ω–Ω—ã–µ —ç–ª–µ–º–µ–Ω—Ç—ã –ø–æ–æ–ª—å–∑–æ–≤–∞—Ç–µ–ª—è: üíãüíã
–í –∫–æ–ª–ª–µ–∫—Ü–∏–∏ –Ω–µ—Ç —ç–ª–µ–º–µ–Ω—Ç–æ–≤
end
[INFO ] 2020-07-04 02:07:59.542  - –°–µ—Ä–≤–µ—Ä –∑–∞–ø—É—â–µ–Ω. /127.0.0.1:4329
[INFO ] 2020-07-04 02:08:11.647  - –í—ã–∑–≤–∞–Ω–∞ –∫–æ–º–∞–Ω–∞–¥–∞: Command{current=LOGIN}
[INFO ] 2020-07-04 02:08:11.651  - –ö–æ–º–º–∞–Ω–¥–∞ –æ–±—Ä–∞–±–æ—Ç–∞–Ω–∞ —É—Å–ø–µ—à–Ω–æ. –û—Ç–≤–µ—Ç:–ù–µ —É–¥–∞—ë—Ç—Å—è –≤–æ–π—Ç–∏.
–ü–æ–∂–∞–ª—É–π—Å—Ç–∞, –ø—Ä–æ–≤–µ—Ä—å—Ç–µ –ø—Ä–∞–≤–∏–ª—å–Ω–æ—Å—Ç—å –Ω–∞–ø–∏—Å–∞–Ω–∏—è –ª–æ–≥–∏–Ω–∞ –∏ –ø–∞—Ä–æ–ª—è.
end
[INFO ] 2020-07-04 02:08:31.628  - –í—ã–∑–≤–∞–Ω–∞ –∫–æ–º–∞–Ω–∞–¥–∞: Command{current=REGISTER}
[INFO ] 2020-07-04 02:08:31.628  - –ö–æ–º–º–∞–Ω–¥–∞ –æ–±—Ä–∞–±–æ—Ç–∞–Ω–∞ —É—Å–ø–µ—à–Ω–æ. –û—Ç–≤–µ—Ç:–ü–æ–ª—å–∑–æ–≤–∞—Ç–µ–ª—å —É—Å–ø–µ—à–Ω–æ –∑–∞—Ä–µ–≥–µ—Å—Ç—Ä–∏—Ä–æ–≤–∞–Ω.
end
[INFO ] 2020-07-04 02:08:32.129  - –°–µ—Ä–≤–µ—Ä –∑–∞–∫—Ä—ã—Ç
[INFO ] 2020-07-04 02:08:32.130  - –°–æ–µ–¥–∏–Ω–µ–Ω–∏–µ —Ä–∞–∑–æ—Ä–≤–∞–Ω–æ. –°–µ—Ä–≤–µ—Ä –ø—Ä–æ–¥–æ–ª–∂–∏–ª —Ä–∞–±–æ—Ç–∞—Ç—å.
[INFO ] 2020-07-04 02:08:32.135  - –ö–æ–ª–ª–µ–∫—Ü–∏—è —Å–æ—Ö—Ä–∞–Ω–µ–Ω–∞
[INFO ] 2020-07-04 02:09:39.373  - –°–µ—Ä–≤–µ—Ä –∑–∞–ø—É—â–µ–Ω. /127.0.0.1:4329
[INFO ] 2020-07-04 02:10:02.448  - –í—ã–∑–≤–∞–Ω–∞ –∫–æ–º–∞–Ω–∞–¥–∞: Command{current=REGISTER}
[INFO ] 2020-07-04 02:10:02.449  - –ö–æ–º–º–∞–Ω–¥–∞ –æ–±—Ä–∞–±–æ—Ç–∞–Ω–∞ —É—Å–ø–µ—à–Ω–æ. –û—Ç–≤–µ—Ç:–ü–æ–ª—å–∑–æ–≤–∞—Ç–µ–ª—å —Å —Ç–∞–∫–∏–º –ª–æ–≥–∏–Ω–æ–º —É–∂–µ —Å–æ–∑–¥–∞–Ω.
–ü–æ–ø—Ä–æ–±—É–π—Ç–µ, –ø–æ–∂–∞–ª—É–π—Å—Ç–∞, –¥—Ä—É–≥–æ–π –ª–æ–≥–∏–Ω.
end
[INFO ] 2020-07-04 02:11:00.046  - –í—ã–∑–≤–∞–Ω–∞ –∫–æ–º–∞–Ω–∞–¥–∞: Command{current=REGISTER}
[INFO ] 2020-07-04 02:11:00.047  - –ö–æ–º–º–∞–Ω–¥–∞ –æ–±—Ä–∞–±–æ—Ç–∞–Ω–∞ —É—Å–ø–µ—à–Ω–æ. –û—Ç–≤–µ—Ç:–ü–æ–ª—å–∑–æ–≤–∞—Ç–µ–ª—å —É—Å–ø–µ—à–Ω–æ –∑–∞—Ä–µ–≥–µ—Å—Ç—Ä–∏—Ä–æ–≤–∞–Ω.
end
[INFO ] 2020-07-04 02:11:30.711  - –í—ã–∑–≤–∞–Ω–∞ –∫–æ–º–∞–Ω–∞–¥–∞: CommandWithObj{route=program.Route{id=201642242, name='13123', coordinates=program.Coordinates{x=12312, y=12312}, creationDate=2020-07-04T02:11:18.145404600+03:00[Europe/Moscow], from=null, to=program.Location{x=13123, y=12312, z=12312, name='123211'}, distance=11432}}
[INFO ] 2020-07-04 02:11:30.712  - –ö–æ–º–º–∞–Ω–¥–∞ –æ–±—Ä–∞–±–æ—Ç–∞–Ω–∞ —É—Å–ø–µ—à–Ω–æ. –û—Ç–≤–µ—Ç:–≠–ª–µ–º–µ–Ω—Ç —Å id: 201642242 —É—Å–ø–µ—à–Ω–æ –¥–æ–±–∞–≤–ª–µ–Ω
end
[INFO ] 2020-07-04 02:11:31.078  - –°–µ—Ä–≤–µ—Ä –∑–∞–∫—Ä—ã—Ç
[INFO ] 2020-07-04 02:11:31.080  - –°–æ–µ–¥–∏–Ω–µ–Ω–∏–µ —Ä–∞–∑–æ—Ä–≤–∞–Ω–æ. –°–µ—Ä–≤–µ—Ä –ø—Ä–æ–¥–æ–ª–∂–∏–ª —Ä–∞–±–æ—Ç–∞—Ç—å.
[INFO ] 2020-07-04 02:11:31.086  - –ö–æ–ª–ª–µ–∫—Ü–∏—è —Å–æ—Ö—Ä–∞–Ω–µ–Ω–∞
[INFO ] 2020-07-04 02:13:00.984  - –°–µ—Ä–≤–µ—Ä –∑–∞–ø—É—â–µ–Ω. /127.0.0.1:4329
[INFO ] 2020-07-04 02:13:14.584  - –í—ã–∑–≤–∞–Ω–∞ –∫–æ–º–∞–Ω–∞–¥–∞: Command{current=LOGIN}
[INFO ] 2020-07-04 02:13:14.590  - –ö–æ–º–º–∞–Ω–¥–∞ –æ–±—Ä–∞–±–æ—Ç–∞–Ω–∞ —É—Å–ø–µ—à–Ω–æ. –û—Ç–≤–µ—Ç:–í—ã –≤–æ—à–ª–∏ –ø–æ–¥ –ª–æ–≥–∏–Ω–æ–º: 1234
end
[INFO ] 2020-07-04 02:13:39.764  - –í—ã–∑–≤–∞–Ω–∞ –∫–æ–º–∞–Ω–∞–¥–∞: CommandWithObj{route=program.Route{id=628377536, name='22323', coordinates=program.Coordinates{x=241234, y=12341234}, creationDate=2020-07-04T02:13:27.461865100+03:00[Europe/Moscow], from=null, to=program.Location{x=21341234, y=123412341212341241, z=1234124, name='null'}, distance=21414124124}}
[INFO ] 2020-07-04 02:13:39.765  - –ö–æ–º–º–∞–Ω–¥–∞ –æ–±—Ä–∞–±–æ—Ç–∞–Ω–∞ —É—Å–ø–µ—à–Ω–æ. –û—Ç–≤–µ—Ç:–≠–ª–µ–º–µ–Ω—Ç —Å id: 628377536 —É—Å–ø–µ—à–Ω–æ –¥–æ–±–∞–≤–ª–µ–Ω
end
[INFO ] 2020-07-04 02:13:40.609  - –°–µ—Ä–≤–µ—Ä –∑–∞–∫—Ä—ã—Ç
[INFO ] 2020-07-04 02:13:40.611  - –°–æ–µ–¥–∏–Ω–µ–Ω–∏–µ —Ä–∞–∑–æ—Ä–≤–∞–Ω–æ. –°–µ—Ä–≤–µ—Ä –ø—Ä–æ–¥–æ–ª–∂–∏–ª —Ä–∞–±–æ—Ç–∞—Ç—å.
[INFO ] 2020-07-04 02:13:40.618  - –ö–æ–ª–ª–µ–∫—Ü–∏—è —Å–æ—Ö—Ä–∞–Ω–µ–Ω–∞
[INFO ] 2020-07-04 08:39:55.538  - –°–µ—Ä–≤–µ—Ä –∑–∞–ø—É—â–µ–Ω. /127.0.0.1:4329
[INFO ] 2020-07-04 08:40:12.609  - –í—ã–∑–≤–∞–Ω–∞ –∫–æ–º–∞–Ω–∞–¥–∞: Command{current=LOGIN}
[INFO ] 2020-07-04 08:40:12.611  - –ö–æ–º–º–∞–Ω–¥–∞ –æ–±—Ä–∞–±–æ—Ç–∞–Ω–∞ —É—Å–ø–µ—à–Ω–æ. –û—Ç–≤–µ—Ç:–í—ã –≤–æ—à–ª–∏ –ø–æ–¥ –ª–æ–≥–∏–Ω–æ–º: 1234
end
[INFO ] 2020-07-04 08:40:40.743  - –í—ã–∑–≤–∞–Ω–∞ –∫–æ–º–∞–Ω–∞–¥–∞: CommandWithObj{route=program.Route{id=664680770, name='123', coordinates=program.Coordinates{x=123, y=2342}, creationDate=2020-07-04T08:40:30.171406800+03:00[Europe/Moscow], from=null, to=program.Location{x=234, y=234, z=324, name='234'}, distance=234}}
[INFO ] 2020-07-04 08:40:40.743  - –ö–æ–º–º–∞–Ω–¥–∞ –æ–±—Ä–∞–±–æ—Ç–∞–Ω–∞ —É—Å–ø–µ—à–Ω–æ. –û—Ç–≤–µ—Ç:–≠–ª–µ–º–µ–Ω—Ç —Å id: 664680770 —É—Å–ø–µ—à–Ω–æ –¥–æ–±–∞–≤–ª–µ–Ω
end
[INFO ] 2020-07-04 08:40:41.157  - –°–µ—Ä–≤–µ—Ä –∑–∞–∫—Ä—ã—Ç
[INFO ] 2020-07-04 08:40:41.159  - –°–æ–µ–¥–∏–Ω–µ–Ω–∏–µ —Ä–∞–∑–æ—Ä–≤–∞–Ω–æ. –°–µ—Ä–≤–µ—Ä –ø—Ä–æ–¥–æ–ª–∂–∏–ª —Ä–∞–±–æ—Ç–∞—Ç—å.
[INFO ] 2020-07-04 08:40:41.165  - –ö–æ–ª–ª–µ–∫—Ü–∏—è —Å–æ—Ö—Ä–∞–Ω–µ–Ω–∞
[INFO ] 2020-07-04 08:42:24.383  - –°–µ—Ä–≤–µ—Ä –∑–∞–ø—É—â–µ–Ω. /127.0.0.1:4329
[INFO ] 2020-07-04 08:42:37.482  - –í—ã–∑–≤–∞–Ω–∞ –∫–æ–º–∞–Ω–∞–¥–∞: Command{current=LOGIN}
[INFO ] 2020-07-04 08:42:37.485  - –ö–æ–º–º–∞–Ω–¥–∞ –æ–±—Ä–∞–±–æ—Ç–∞–Ω–∞ —É—Å–ø–µ—à–Ω–æ. –û—Ç–≤–µ—Ç:–í—ã –≤–æ—à–ª–∏ –ø–æ–¥ –ª–æ–≥–∏–Ω–æ–º: 1234
end
[INFO ] 2020-07-04 08:42:55.072  - –í—ã–∑–≤–∞–Ω–∞ –∫–æ–º–∞–Ω–∞–¥–∞: CommandWithObj{route=program.Route{id=1844069712, name='123', coordinates=program.Coordinates{x=123, y=123}, creationDate=2020-07-04T08:42:43.971369900+03:00[Europe/Moscow], from=null, to=program.Location{x=123, y=123, z=123, name='123'}, distance=123}}
[INFO ] 2020-07-04 08:42:55.072  - –ö–æ–º–º–∞–Ω–¥–∞ –æ–±—Ä–∞–±–æ—Ç–∞–Ω–∞ —É—Å–ø–µ—à–Ω–æ. –û—Ç–≤–µ—Ç:–≠–ª–µ–º–µ–Ω—Ç —Å id: 1844069712 —É—Å–ø–µ—à–Ω–æ –¥–æ–±–∞–≤–ª–µ–Ω
end
[INFO ] 2020-07-04 08:49:35.550  - –í—ã–∑–≤–∞–Ω–∞ –∫–æ–º–∞–Ω–∞–¥–∞: Command{current=REGISTER}
[INFO ] 2020-07-04 08:49:35.551  - –ö–æ–º–º–∞–Ω–¥–∞ –æ–±—Ä–∞–±–æ—Ç–∞–Ω–∞ —É—Å–ø–µ—à–Ω–æ. –û—Ç–≤–µ—Ç:–ü–æ–ª—å–∑–æ–≤–∞—Ç–µ–ª—å —É—Å–ø–µ—à–Ω–æ –∑–∞—Ä–µ–≥–µ—Å—Ç—Ä–∏—Ä–æ–≤–∞–Ω.
end
[INFO ] 2020-07-04 08:51:31.733  - –í—ã–∑–≤–∞–Ω–∞ –∫–æ–º–∞–Ω–∞–¥–∞: RemoveById{id=1844069712}
[INFO ] 2020-07-04 08:51:31.735  - –ö–æ–º–º–∞–Ω–¥–∞ –æ–±—Ä–∞–±–æ—Ç–∞–Ω–∞ —É—Å–ø–µ—à–Ω–æ. –û—Ç–≤–µ—Ç:–¢–∞–∫–æ–≥–æ –≤ –¥–æ—Ç—É–ø–Ω–æ–π –≤–∞–º –∫–æ–ª–ª–µ–∫—Ü–∏–∏ —ç–ª–µ–º–µ–Ω—Ç–∞ –Ω–µ—Ç
end
[INFO ] 2020-07-04 08:51:47.240  - –í—ã–∑–≤–∞–Ω–∞ –∫–æ–º–∞–Ω–∞–¥–∞: Command{current=LOGIN}
[INFO ] 2020-07-04 08:51:47.240  - –ö–æ–º–º–∞–Ω–¥–∞ –æ–±—Ä–∞–±–æ—Ç–∞–Ω–∞ —É—Å–ø–µ—à–Ω–æ. –û—Ç–≤–µ—Ç:–í—ã –≤–æ—à–ª–∏ –ø–æ–¥ –ª–æ–≥–∏–Ω–æ–º: 1234
end
[INFO ] 2020-07-04 08:52:10.270  - –í—ã–∑–≤–∞–Ω–∞ –∫–æ–º–∞–Ω–∞–¥–∞: RemoveById{id=1844069712}
[INFO ] 2020-07-04 08:52:10.271  - –ö–æ–º–º–∞–Ω–¥–∞ –æ–±—Ä–∞–±–æ—Ç–∞–Ω–∞ —É—Å–ø–µ—à–Ω–æ. –û—Ç–≤–µ—Ç:–≠–ª–µ–º–µ–Ω—Ç —Å id: 1844069712 —É—Å–ø–µ—à–Ω–æ —É–¥–∞–ª–µ–Ω
end
[INFO ] 2020-07-04 08:52:51.343  - –í—ã–∑–≤–∞–Ω–∞ –∫–æ–º–∞–Ω–∞–¥–∞: Command{current=SHOW}
[INFO ] 2020-07-04 08:52:51.344  - –ö–æ–º–º–∞–Ω–¥–∞ –æ–±—Ä–∞–±–æ—Ç–∞–Ω–∞ —É—Å–ø–µ—à–Ω–æ. –û—Ç–≤–µ—Ç:–í—Å–µ –¥–æ–±–∞–≤–ª–µ–Ω–Ω—ã–µ —ç–ª–µ–º–µ–Ω—Ç—ã –ø–æ–æ–ª—å–∑–æ–≤–∞—Ç–µ–ª—è: ads
–í –∫–æ–ª–ª–µ–∫—Ü–∏–∏ –Ω–µ—Ç —ç–ª–µ–º–µ–Ω—Ç–æ–≤
–í—Å–µ –¥–æ–±–∞–≤–ª–µ–Ω–Ω—ã–µ —ç–ª–µ–º–µ–Ω—Ç—ã –ø–æ–æ–ª—å–∑–æ–≤–∞—Ç–µ–ª—è: kkjkkjljh
–í –∫–æ–ª–ª–µ–∫—Ü–∏–∏ –Ω–µ—Ç —ç–ª–µ–º–µ–Ω—Ç–æ–≤
–í—Å–µ –¥–æ–±–∞–≤–ª–µ–Ω–Ω—ã–µ —ç–ª–µ–º–µ–Ω—Ç—ã –ø–æ–æ–ª—å–∑–æ–≤–∞—Ç–µ–ª—è: –ü–†–ò–í–ï–¢
–í –∫–æ–ª–ª–µ–∫—Ü–∏–∏ –Ω–µ—Ç —ç–ª–µ–º–µ–Ω—Ç–æ–≤
–í—Å–µ –¥–æ–±–∞–≤–ª–µ–Ω–Ω—ã–µ —ç–ª–µ–º–µ–Ω—Ç—ã –ø–æ–æ–ª—å–∑–æ–≤–∞—Ç–µ–ª—è: 12
–í –∫–æ–ª–ª–µ–∫—Ü–∏–∏ –Ω–µ—Ç —ç–ª–µ–º–µ–Ω—Ç–æ–≤
–í—Å–µ –¥–æ–±–∞–≤–ª–µ–Ω–Ω—ã–µ —ç–ª–µ–º–µ–Ω—Ç—ã –ø–æ–æ–ª—å–∑–æ–≤–∞—Ç–µ–ª—è: ‚ñ†‚ñ†
–í –∫–æ–ª–ª–µ–∫—Ü–∏–∏ –Ω–µ—Ç —ç–ª–µ–º–µ–Ω—Ç–æ–≤
–í—Å–µ –¥–æ–±–∞–≤–ª–µ–Ω–Ω—ã–µ —ç–ª–µ–º–µ–Ω—Ç—ã –ø–æ–æ–ª—å–∑–æ–≤–∞—Ç–µ–ª—è: ‚ò†üëªüëΩü§†üêπüê±‚Äçüèç
–í –∫–æ–ª–ª–µ–∫—Ü–∏–∏ –Ω–µ—Ç —ç–ª–µ–º–µ–Ω—Ç–æ–≤
–í—Å–µ –¥–æ–±–∞–≤–ª–µ–Ω–Ω—ã–µ —ç–ª–µ–º–µ–Ω—Ç—ã –ø–æ–æ–ª—å–∑–æ–≤–∞—Ç–µ–ª—è: ggjg
–í –∫–æ–ª–ª–µ–∫—Ü–∏–∏ –Ω–µ—Ç —ç–ª–µ–º–µ–Ω—Ç–æ–≤
–í—Å–µ –¥–æ–±–∞–≤–ª–µ–Ω–Ω—ã–µ —ç–ª–µ–º–µ–Ω—Ç—ã –ø–æ–æ–ª—å–∑–æ–≤–∞—Ç–µ–ª—è: üíãüíã
–í –∫–æ–ª–ª–µ–∫—Ü–∏–∏ –Ω–µ—Ç —ç–ª–µ–º–µ–Ω—Ç–æ–≤
–í—Å–µ –¥–æ–±–∞–≤–ª–µ–Ω–Ω—ã–µ —ç–ª–µ–º–µ–Ω—Ç—ã –ø–æ–æ–ª—å–∑–æ–≤–∞—Ç–µ–ª—è: 123
–í –∫–æ–ª–ª–µ–∫—Ü–∏–∏ –Ω–µ—Ç —ç–ª–µ–º–µ–Ω—Ç–æ–≤
–í—Å–µ –¥–æ–±–∞–≤–ª–µ–Ω–Ω—ã–µ —ç–ª–µ–º–µ–Ω—Ç—ã –ø–æ–æ–ª—å–∑–æ–≤–∞—Ç–µ–ª—è: 1234
–í –∫–æ–ª–ª–µ–∫—Ü–∏–∏ –Ω–µ—Ç —ç–ª–µ–º–µ–Ω—Ç–æ–≤
end
[INFO ] 2020-07-04 08:59:12.345  - –í—ã–∑–≤–∞–Ω–∞ –∫–æ–º–∞–Ω–∞–¥–∞: CommandWithObj{route=program.Route{id=1730008219, name='132', coordinates=program.Coordinates{x=124, y=124}, creationDate=2020-07-04T08:58:56.604288700+03:00[Europe/Moscow], from=program.Location{x=23425, y=234234, z=234234, name='3423423423423'}, to=program.Location{x=1434, y=143, z=1243, name='1243'}, distance=null}}
[INFO ] 2020-07-04 08:59:12.346  - –ö–æ–º–º–∞–Ω–¥–∞ –æ–±—Ä–∞–±–æ—Ç–∞–Ω–∞ —É—Å–ø–µ—à–Ω–æ. –û—Ç–≤–µ—Ç:–≠–ª–µ–º–µ–Ω—Ç —Å id: 1730008219 —É—Å–ø–µ—à–Ω–æ –¥–æ–±–∞–≤–ª–µ–Ω
end
[INFO ] 2020-07-04 08:59:32.374  - –í—ã–∑–≤–∞–Ω–∞ –∫–æ–º–∞–Ω–∞–¥–∞: CommandWithObj{route=program.Route{id=1804967114, name='324', coordinates=program.Coordinates{x=23432, y=4234}, creationDate=2020-07-04T08:59:20.986904300+03:00[Europe/Moscow], from=program.Location{x=345, y=345, z=345, name='null'}, to=program.Location{x=234, y=234, z=234, name='null'}, distance=3453}}
[INFO ] 2020-07-04 08:59:32.375  - –ö–æ–º–º–∞–Ω–¥–∞ –æ–±—Ä–∞–±–æ—Ç–∞–Ω–∞ —É—Å–ø–µ—à–Ω–æ. –û—Ç–≤–µ—Ç:–≠–ª–µ–º–µ–Ω—Ç —Å id: 1804967114 —É—Å–ø–µ—à–Ω–æ –¥–æ–±–∞–≤–ª–µ–Ω
end
[INFO ] 2020-07-04 09:00:01.414  - –í—ã–∑–≤–∞–Ω–∞ –∫–æ–º–∞–Ω–∞–¥–∞: CommandWithObj{route=program.Route{id=1699523879, name='124', coordinates=program.Coordinates{x=234, y=32443}, creationDate=2020-07-04T08:59:47.532749900+03:00[Europe/Moscow], from=program.Location{x=46, y=65, z=45, name='345'}, to=program.Location{x=345, y=345, z=345, name='null'}, distance=null}}
[INFO ] 2020-07-04 09:00:01.414  - –ö–æ–º–º–∞–Ω–¥–∞ –æ–±—Ä–∞–±–æ—Ç–∞–Ω–∞ —É—Å–ø–µ—à–Ω–æ. –û—Ç–≤–µ—Ç:–≠–ª–µ–º–µ–Ω—Ç —Å id: 1699523879 —É—Å–ø–µ—à–Ω–æ –¥–æ–±–∞–≤–ª–µ–Ω
end
[INFO ] 2020-07-04 09:00:17.438  - –í—ã–∑–≤–∞–Ω–∞ –∫–æ–º–∞–Ω–∞–¥–∞: CommandWithObj{route=program.Route{id=2116083072, name='45', coordinates=program.Coordinates{x=35, y=35}, creationDate=2020-07-04T09:00:08.450148500+03:00[Europe/Moscow], from=null, to=program.Location{x=35, y=345, z=345, name='null'}, distance=null}}
[INFO ] 2020-07-04 09:00:17.439  - –ö–æ–º–º–∞–Ω–¥–∞ –æ–±—Ä–∞–±–æ—Ç–∞–Ω–∞ —É—Å–ø–µ—à–Ω–æ. –û—Ç–≤–µ—Ç:–≠–ª–µ–º–µ–Ω—Ç —Å id: 2116083072 —É—Å–ø–µ—à–Ω–æ –¥–æ–±–∞–≤–ª–µ–Ω
end
[INFO ] 2020-07-04 09:00:39.979  - –í—ã–∑–≤–∞–Ω–∞ –∫–æ–º–∞–Ω–∞–¥–∞: CommandWithObj{route=program.Route{id=1482607740, name='435', coordinates=program.Coordinates{x=345, y=345}, creationDate=2020-07-04T09:00:25.956139900+03:00[Europe/Moscow], from=null, to=program.Location{x=345, y=345, z=345, name='null'}, distance=46}}
[INFO ] 2020-07-04 09:00:39.980  - –ö–æ–º–º–∞–Ω–¥–∞ –æ–±—Ä–∞–±–æ—Ç–∞–Ω–∞ —É—Å–ø–µ—à–Ω–æ. –û—Ç–≤–µ—Ç:–≠–ª–µ–º–µ–Ω—Ç —Å id: 1482607740 —É—Å–ø–µ—à–Ω–æ –¥–æ–±–∞–≤–ª–µ–Ω
end
[INFO ] 2020-07-04 09:02:45.250  - –í—ã–∑–≤–∞–Ω–∞ –∫–æ–º–∞–Ω–∞–¥–∞: CommandWithObj{route=program.Route{id=1516305223, name='123', coordinates=program.Coordinates{x=123, y=123}, creationDate=2020-07-04T09:02:38.688377500+03:00[Europe/Moscow], from=null, to=program.Location{x=13, y=123, z=123, name='123'}, distance=null}}
[INFO ] 2020-07-04 09:02:45.252  - –ö–æ–º–º–∞–Ω–¥–∞ –æ–±—Ä–∞–±–æ—Ç–∞–Ω–∞ —É—Å–ø–µ—à–Ω–æ. –û—Ç–≤–µ—Ç:–≠–ª–µ–º–µ–Ω—Ç —Å id: 1516305223 —É—Å–ø–µ—à–Ω–æ –¥–æ–±–∞–≤–ª–µ–Ω
end
[INFO ] 2020-07-04 09:18:03.874  - –°–µ—Ä–≤–µ—Ä –∑–∞–ø—É—â–µ–Ω. /127.0.0.1:4329
[INFO ] 2020-07-04 09:18:29.448  - –í—ã–∑–≤–∞–Ω–∞ –∫–æ–º–∞–Ω–∞–¥–∞: Command{current=LOGIN}
[INFO ] 2020-07-04 09:18:29.450  - –ö–æ–º–º–∞–Ω–¥–∞ –æ–±—Ä–∞–±–æ—Ç–∞–Ω–∞ —É—Å–ø–µ—à–Ω–æ. –û—Ç–≤–µ—Ç:–í—ã –≤–æ—à–ª–∏ –ø–æ–¥ –ª–æ–≥–∏–Ω–æ–º: 1234
end
[INFO ] 2020-07-04 09:18:35.948  - –í—ã–∑–≤–∞–Ω–∞ –∫–æ–º–∞–Ω–∞–¥–∞: Command{current=SHOW}
[INFO ] 2020-07-04 09:18:35.949  - –ö–æ–º–º–∞–Ω–¥–∞ –æ–±—Ä–∞–±–æ—Ç–∞–Ω–∞ —É—Å–ø–µ—à–Ω–æ. –û—Ç–≤–µ—Ç:–í—Å–µ –¥–æ–±–∞–≤–ª–µ–Ω–Ω—ã–µ —ç–ª–µ–º–µ–Ω—Ç—ã –ø–æ–æ–ª—å–∑–æ–≤–∞—Ç–µ–ª—è: kkjkkjljh
–í –∫–æ–ª–ª–µ–∫—Ü–∏–∏ –Ω–µ—Ç —ç–ª–µ–º–µ–Ω—Ç–æ–≤
–í—Å–µ –¥–æ–±–∞–≤–ª–µ–Ω–Ω—ã–µ —ç–ª–µ–º–µ–Ω—Ç—ã –ø–æ–æ–ª—å–∑–æ–≤–∞—Ç–µ–ª—è: –ü–†–ò–í–ï–¢
–í –∫–æ–ª–ª–µ–∫—Ü–∏–∏ –Ω–µ—Ç —ç–ª–µ–º–µ–Ω—Ç–æ–≤
–í—Å–µ –¥–æ–±–∞–≤–ª–µ–Ω–Ω—ã–µ —ç–ª–µ–º–µ–Ω—Ç—ã –ø–æ–æ–ª—å–∑–æ–≤–∞—Ç–µ–ª—è: 12
–í –∫–æ–ª–ª–µ–∫—Ü–∏–∏ –Ω–µ—Ç —ç–ª–µ–º–µ–Ω—Ç–æ–≤
–í—Å–µ –¥–æ–±–∞–≤–ª–µ–Ω–Ω—ã–µ —ç–ª–µ–º–µ–Ω—Ç—ã –ø–æ–æ–ª—å–∑–æ–≤–∞—Ç–µ–ª—è: ‚ñ†‚ñ†
–í –∫–æ–ª–ª–µ–∫—Ü–∏–∏ –Ω–µ—Ç —ç–ª–µ–º–µ–Ω—Ç–æ–≤
–í—Å–µ –¥–æ–±–∞–≤–ª–µ–Ω–Ω—ã–µ —ç–ª–µ–º–µ–Ω—Ç—ã –ø–æ–æ–ª—å–∑–æ–≤–∞—Ç–µ–ª—è: ‚ò†üëªüëΩü§†üêπüê±‚Äçüèç
–í –∫–æ–ª–ª–µ–∫—Ü–∏–∏ –Ω–µ—Ç —ç–ª–µ–º–µ–Ω—Ç–æ–≤
–í—Å–µ –¥–æ–±–∞–≤–ª–µ–Ω–Ω—ã–µ —ç–ª–µ–º–µ–Ω—Ç—ã –ø–æ–æ–ª—å–∑–æ–≤–∞—Ç–µ–ª—è: ggjg
–í –∫–æ–ª–ª–µ–∫—Ü–∏–∏ –Ω–µ—Ç —ç–ª–µ–º–µ–Ω—Ç–æ–≤
–í—Å–µ –¥–æ–±–∞–≤–ª–µ–Ω–Ω—ã–µ —ç–ª–µ–º–µ–Ω—Ç—ã –ø–æ–æ–ª—å–∑–æ–≤–∞—Ç–µ–ª—è: üíãüíã
–í –∫–æ–ª–ª–µ–∫—Ü–∏–∏ –Ω–µ—Ç —ç–ª–µ–º–µ–Ω—Ç–æ–≤
–í—Å–µ –¥–æ–±–∞–≤–ª–µ–Ω–Ω—ã–µ —ç–ª–µ–º–µ–Ω—Ç—ã –ø–æ–æ–ª—å–∑–æ–≤–∞—Ç–µ–ª—è: 123
–í –∫–æ–ª–ª–µ–∫—Ü–∏–∏ –Ω–µ—Ç —ç–ª–µ–º–µ–Ω—Ç–æ–≤
–í—Å–µ –¥–æ–±–∞–≤–ª–µ–Ω–Ω—ã–µ —ç–ª–µ–º–µ–Ω—Ç—ã –ø–æ–æ–ª—å–∑–æ–≤–∞—Ç–µ–ª—è: 1234
–í –∫–æ–ª–ª–µ–∫—Ü–∏–∏ –Ω–µ—Ç —ç–ª–µ–º–µ–Ω—Ç–æ–≤
end
[INFO ] 2020-07-04 09:19:00.083  - –í—ã–∑–≤–∞–Ω–∞ –∫–æ–º–∞–Ω–∞–¥–∞: CommandWithObj{route=program.Route{id=1099085657, name='123', coordinates=program.Coordinates{x=123, y=123}, creationDate=2020-07-04T09:18:54.469642+03:00[Europe/Moscow], from=null, to=program.Location{x=123, y=123, z=123, name='123123'}, distance=123}}
[INFO ] 2020-07-04 09:19:00.084  - –ö–æ–º–º–∞–Ω–¥–∞ –æ–±—Ä–∞–±–æ—Ç–∞–Ω–∞ —É—Å–ø–µ—à–Ω–æ. –û—Ç–≤–µ—Ç:–≠–ª–µ–º–µ–Ω—Ç —Å id: 1099085657 —É—Å–ø–µ—à–Ω–æ –¥–æ–±–∞–≤–ª–µ–Ω
end
[INFO ] 2020-07-04 09:21:35.839  - –í—ã–∑–≤–∞–Ω–∞ –∫–æ–º–∞–Ω–∞–¥–∞: CommandWithObj{route=program.Route{id=1099085657, name=' ', coordinates=program.Coordinates{x=12, y=12}, creationDate=2020-07-04T09:20:57.780039200+03:00[Europe/Moscow], from=null, to=program.Location{x=12, y=12, z=12, name='12'}, distance=23}}
[INFO ] 2020-07-04 09:21:35.841  - –ö–æ–º–º–∞–Ω–¥–∞ –æ–±—Ä–∞–±–æ—Ç–∞–Ω–∞ —É—Å–ø–µ—à–Ω–æ. –û—Ç–≤–µ—Ç:–≠–ª–µ–º–µ–Ω—Ç —Å id: 1099085657 —É—Å–ø–µ—à–Ω–æ –∏–∑–º–µ–Ω–µ–Ω
end
[INFO ] 2020-07-04 09:21:40.840  - –í—ã–∑–≤–∞–Ω–∞ –∫–æ–º–∞–Ω–∞–¥–∞: Command{current=SHOW}
[INFO ] 2020-07-04 09:21:40.840  - –ö–æ–º–º–∞–Ω–¥–∞ –æ–±—Ä–∞–±–æ—Ç–∞–Ω–∞ —É—Å–ø–µ—à–Ω–æ. –û—Ç–≤–µ—Ç:–í—Å–µ –¥–æ–±–∞–≤–ª–µ–Ω–Ω—ã–µ —ç–ª–µ–º–µ–Ω—Ç—ã –ø–æ–æ–ª—å–∑–æ–≤–∞—Ç–µ–ª—è: kkjkkjljh
–í –∫–æ–ª–ª–µ–∫—Ü–∏–∏ –Ω–µ—Ç —ç–ª–µ–º–µ–Ω—Ç–æ–≤
–í—Å–µ –¥–æ–±–∞–≤–ª–µ–Ω–Ω—ã–µ —ç–ª–µ–º–µ–Ω—Ç—ã –ø–æ–æ–ª—å–∑–æ–≤–∞—Ç–µ–ª—è: –ü–†–ò–í–ï–¢
–í –∫–æ–ª–ª–µ–∫—Ü–∏–∏ –Ω–µ—Ç —ç–ª–µ–º–µ–Ω—Ç–æ–≤
–í—Å–µ –¥–æ–±–∞–≤–ª–µ–Ω–Ω—ã–µ —ç–ª–µ–º–µ–Ω—Ç—ã –ø–æ–æ–ª—å–∑–æ–≤–∞—Ç–µ–ª—è: 12
–í –∫–æ–ª–ª–µ–∫—Ü–∏–∏ –Ω–µ—Ç —ç–ª–µ–º–µ–Ω—Ç–æ–≤
–í—Å–µ –¥–æ–±–∞–≤–ª–µ–Ω–Ω—ã–µ —ç–ª–µ–º–µ–Ω—Ç—ã –ø–æ–æ–ª—å–∑–æ–≤–∞—Ç–µ–ª—è: ‚ñ†‚ñ†
–í –∫–æ–ª–ª–µ–∫—Ü–∏–∏ –Ω–µ—Ç —ç–ª–µ–º–µ–Ω—Ç–æ–≤
–í—Å–µ –¥–æ–±–∞–≤–ª–µ–Ω–Ω—ã–µ —ç–ª–µ–º–µ–Ω—Ç—ã –ø–æ–æ–ª—å–∑–æ–≤–∞—Ç–µ–ª—è: ‚ò†üëªüëΩü§†üêπüê±‚Äçüèç
–í –∫–æ–ª–ª–µ–∫—Ü–∏–∏ –Ω–µ—Ç —ç–ª–µ–º–µ–Ω—Ç–æ–≤
–í—Å–µ –¥–æ–±–∞–≤–ª–µ–Ω–Ω—ã–µ —ç–ª–µ–º–µ–Ω—Ç—ã –ø–æ–æ–ª—å–∑–æ–≤–∞—Ç–µ–ª—è: ggjg
–í –∫–æ–ª–ª–µ–∫—Ü–∏–∏ –Ω–µ—Ç —ç–ª–µ–º–µ–Ω—Ç–æ–≤
–í—Å–µ –¥–æ–±–∞–≤–ª–µ–Ω–Ω—ã–µ —ç–ª–µ–º–µ–Ω—Ç—ã –ø–æ–æ–ª—å–∑–æ–≤–∞—Ç–µ–ª—è: üíãüíã
–í –∫–æ–ª–ª–µ–∫—Ü–∏–∏ –Ω–µ—Ç —ç–ª–µ–º–µ–Ω—Ç–æ–≤
–í—Å–µ –¥–æ–±–∞–≤–ª–µ–Ω–Ω—ã–µ —ç–ª–µ–º–µ–Ω—Ç—ã –ø–æ–æ–ª—å–∑–æ–≤–∞—Ç–µ–ª—è: 123
–í –∫–æ–ª–ª–µ–∫—Ü–∏–∏ –Ω–µ—Ç —ç–ª–µ–º–µ–Ω—Ç–æ–≤
–í—Å–µ –¥–æ–±–∞–≤–ª–µ–Ω–Ω—ã–µ —ç–ª–µ–º–µ–Ω—Ç—ã –ø–æ–æ–ª—å–∑–æ–≤–∞—Ç–µ–ª—è: 1234
program.Route{id=1099085657, name=' ', coordinates=program.Coordinates{x=12, y=12}, creationDate=2020-07-04T09:20:57.780039200+03:00[Europe/Moscow], from=null, to=program.Location{x=12, y=12, z=12, name='12'}, distance=23}
end
[INFO ] 2020-07-04 09:23:48.048  - –í—ã–∑–≤–∞–Ω–∞ –∫–æ–º–∞–Ω–∞–¥–∞: RemoveById{id=1099085657}
[INFO ] 2020-07-04 09:23:48.050  - –ö–æ–º–º–∞–Ω–¥–∞ –æ–±—Ä–∞–±–æ—Ç–∞–Ω–∞ —É—Å–ø–µ—à–Ω–æ. –û—Ç–≤–µ—Ç:–≠–ª–µ–º–µ–Ω—Ç —Å id: 1099085657 —É—Å–ø–µ—à–Ω–æ —É–¥–∞–ª–µ–Ω
end
[INFO ] 2020-07-04 09:23:53.550  - –í—ã–∑–≤–∞–Ω–∞ –∫–æ–º–∞–Ω–∞–¥–∞: Command{current=SHOW}
[INFO ] 2020-07-04 09:23:53.550  - –ö–æ–º–º–∞–Ω–¥–∞ –æ–±—Ä–∞–±–æ—Ç–∞–Ω–∞ —É—Å–ø–µ—à–Ω–æ. –û—Ç–≤–µ—Ç:–í—Å–µ –¥–æ–±–∞–≤–ª–µ–Ω–Ω—ã–µ —ç–ª–µ–º–µ–Ω—Ç—ã –ø–æ–æ–ª—å–∑–æ–≤–∞—Ç–µ–ª—è: kkjkkjljh
–í –∫–æ–ª–ª–µ–∫—Ü–∏–∏ –Ω–µ—Ç —ç–ª–µ–º–µ–Ω—Ç–æ–≤
–í—Å–µ –¥–æ–±–∞–≤–ª–µ–Ω–Ω—ã–µ —ç–ª–µ–º–µ–Ω—Ç—ã –ø–æ–æ–ª—å–∑–æ–≤–∞—Ç–µ–ª—è: –ü–†–ò–í–ï–¢
–í –∫–æ–ª–ª–µ–∫—Ü–∏–∏ –Ω–µ—Ç —ç–ª–µ–º–µ–Ω—Ç–æ–≤
–í—Å–µ –¥–æ–±–∞–≤–ª–µ–Ω–Ω—ã–µ —ç–ª–µ–º–µ–Ω—Ç—ã –ø–æ–æ–ª—å–∑–æ–≤–∞—Ç–µ–ª—è: 12
–í –∫–æ–ª–ª–µ–∫—Ü–∏–∏ –Ω–µ—Ç —ç–ª–µ–º–µ–Ω—Ç–æ–≤
–í—Å–µ –¥–æ–±–∞–≤–ª–µ–Ω–Ω—ã–µ —ç–ª–µ–º–µ–Ω—Ç—ã –ø–æ–æ–ª—å–∑–æ–≤–∞—Ç–µ–ª—è: ‚ñ†‚ñ†
–í –∫–æ–ª–ª–µ–∫—Ü–∏–∏ –Ω–µ—Ç —ç–ª–µ–º–µ–Ω—Ç–æ–≤
–í—Å–µ –¥–æ–±–∞–≤–ª–µ–Ω–Ω—ã–µ —ç–ª–µ–º–µ–Ω—Ç—ã –ø–æ–æ–ª—å–∑–æ–≤–∞—Ç–µ–ª—è: ‚ò†üëªüëΩü§†üêπüê±‚Äçüèç
–í –∫–æ–ª–ª–µ–∫—Ü–∏–∏ –Ω–µ—Ç —ç–ª–µ–º–µ–Ω—Ç–æ–≤
–í—Å–µ –¥–æ–±–∞–≤–ª–µ–Ω–Ω—ã–µ —ç–ª–µ–º–µ–Ω—Ç—ã –ø–æ–æ–ª—å–∑–æ–≤–∞—Ç–µ–ª—è: ggjg
–í –∫–æ–ª–ª–µ–∫—Ü–∏–∏ –Ω–µ—Ç —ç–ª–µ–º–µ–Ω—Ç–æ–≤
–í—Å–µ –¥–æ–±–∞–≤–ª–µ–Ω–Ω—ã–µ —ç–ª–µ–º–µ–Ω—Ç—ã –ø–æ–æ–ª—å–∑–æ–≤–∞—Ç–µ–ª—è: üíãüíã
–í –∫–æ–ª–ª–µ–∫—Ü–∏–∏ –Ω–µ—Ç —ç–ª–µ–º–µ–Ω—Ç–æ–≤
–í—Å–µ –¥–æ–±–∞–≤–ª–µ–Ω–Ω—ã–µ —ç–ª–µ–º–µ–Ω—Ç—ã –ø–æ–æ–ª—å–∑–æ–≤–∞—Ç–µ–ª—è: 123
–í –∫–æ–ª–ª–µ–∫—Ü–∏–∏ –Ω–µ—Ç —ç–ª–µ–º–µ–Ω—Ç–æ–≤
–í—Å–µ –¥–æ–±–∞–≤–ª–µ–Ω–Ω—ã–µ —ç–ª–µ–º–µ–Ω—Ç—ã –ø–æ–æ–ª—å–∑–æ–≤–∞—Ç–µ–ª—è: 1234
–í –∫–æ–ª–ª–µ–∫—Ü–∏–∏ –Ω–µ—Ç —ç–ª–µ–º–µ–Ω—Ç–æ–≤
end
[INFO ] 2020-07-04 10:39:11.696  - –°–µ—Ä–≤–µ—Ä –∑–∞–ø—É—â–µ–Ω. /127.0.0.1:4329
[INFO ] 2020-07-04 10:39:11.924  - –°–µ—Ä–≤–µ—Ä –∑–∞–∫—Ä—ã—Ç
[INFO ] 2020-07-04 10:41:26.935  - –°–µ—Ä–≤–µ—Ä –∑–∞–ø—É—â–µ–Ω. /127.0.0.1:4329
[INFO ] 2020-07-04 10:41:27.118  - –°–µ—Ä–≤–µ—Ä –∑–∞–∫—Ä—ã—Ç
[INFO ] 2020-07-04 10:42:39.691  - –°–µ—Ä–≤–µ—Ä –∑–∞–ø—É—â–µ–Ω. /127.0.0.1:4329
[INFO ] 2020-07-04 10:44:03.366  - –°–µ—Ä–≤–µ—Ä –∑–∞–ø—É—â–µ–Ω. /127.0.0.1:4329
[INFO ] 2020-07-04 10:44:03.542  - –°–µ—Ä–≤–µ—Ä –∑–∞–∫—Ä—ã—Ç
[INFO ] 2020-07-04 10:50:38.173  - –°–µ—Ä–≤–µ—Ä –∑–∞–ø—É—â–µ–Ω. /127.0.0.1:4329
[INFO ] 2020-07-04 10:50:48.797  - –°–µ—Ä–≤–µ—Ä –∑–∞–ø—É—â–µ–Ω. /127.0.0.1:4329
[INFO ] 2020-07-04 11:58:09.252  - –°–µ—Ä–≤–µ—Ä –∑–∞–ø—É—â–µ–Ω. /127.0.0.1:4329
[INFO ] 2020-07-04 11:58:31.246  - –í—ã–∑–≤–∞–Ω–∞ –∫–æ–º–∞–Ω–∞–¥–∞: Command{current=REGISTER}
[INFO ] 2020-07-04 11:58:31.249  - –ö–æ–º–º–∞–Ω–¥–∞ –æ–±—Ä–∞–±–æ—Ç–∞–Ω–∞ —É—Å–ø–µ—à–Ω–æ. –û—Ç–≤–µ—Ç:–ü–æ–ª—å–∑–æ–≤–∞—Ç–µ–ª—å —É—Å–ø–µ—à–Ω–æ –∑–∞—Ä–µ–≥–µ—Å—Ç—Ä–∏—Ä–æ–≤–∞–Ω.
end
[INFO ] 2020-07-04 11:59:08.820  - –í—ã–∑–≤–∞–Ω–∞ –∫–æ–º–∞–Ω–∞–¥–∞: CommandWithObj{route=program.Route{id=1, name='123', coordinates=program.Coordinates{x=123, y=123}, creationDate=2020-07-04T11:58:57.136545900+03:00[Europe/Moscow], from=program.Location{x=123, y=1231, z=23123, name='123'}, to=program.Location{x=123, y=123, z=1231, name='231'}, distance=123}}
[INFO ] 2020-07-04 11:59:08.820  - –ö–æ–º–º–∞–Ω–¥–∞ –æ–±—Ä–∞–±–æ—Ç–∞–Ω–∞ —É—Å–ø–µ—à–Ω–æ. –û—Ç–≤–µ—Ç:–≠–ª–µ–º–µ–Ω—Ç —Å id: 1 —É—Å–ø–µ—à–Ω–æ –¥–æ–±–∞–≤–ª–µ–Ω
end
[INFO ] 2020-07-04 11:59:30.810  - –í—ã–∑–≤–∞–Ω–∞ –∫–æ–º–∞–Ω–∞–¥–∞: CommandWithObj{route=program.Route{id=2, name='13', coordinates=program.Coordinates{x=123, y=123}, creationDate=2020-07-04T11:59:19.184531+03:00[Europe/Moscow], from=null, to=program.Location{x=123, y=132, z=123, name='null'}, distance=null}}
[INFO ] 2020-07-04 11:59:30.810  - –ö–æ–º–º–∞–Ω–¥–∞ –æ–±—Ä–∞–±–æ—Ç–∞–Ω–∞ —É—Å–ø–µ—à–Ω–æ. –û—Ç–≤–µ—Ç:–≠–ª–µ–º–µ–Ω—Ç —Å id: 2 —É—Å–ø–µ—à–Ω–æ –¥–æ–±–∞–≤–ª–µ–Ω
end
[INFO ] 2020-07-04 12:00:00.362  - –í—ã–∑–≤–∞–Ω–∞ –∫–æ–º–∞–Ω–∞–¥–∞: CommandWithObj{route=program.Route{id=3, name='123', coordinates=program.Coordinates{x=12334, y=234}, creationDate=2020-07-04T11:59:46.331918100+03:00[Europe/Moscow], from=null, to=program.Location{x=234, y=234, z=234, name='234234'}, distance=123213}}
[INFO ] 2020-07-04 12:00:00.363  - –ö–æ–º–º–∞–Ω–¥–∞ –æ–±—Ä–∞–±–æ—Ç–∞–Ω–∞ —É—Å–ø–µ—à–Ω–æ. –û—Ç–≤–µ—Ç:–≠–ª–µ–º–µ–Ω—Ç —Å id: 3 —É—Å–ø–µ—à–Ω–æ –¥–æ–±–∞–≤–ª–µ–Ω
end
[INFO ] 2020-07-04 12:00:28.411  - –í—ã–∑–≤–∞–Ω–∞ –∫–æ–º–∞–Ω–∞–¥–∞: CommandWithObj{route=program.Route{id=4, name='123123', coordinates=program.Coordinates{x=234, y=234}, creationDate=2020-07-04T12:00:18.678821900+03:00[Europe/Moscow], from=program.Location{x=234, y=234, z=234, name='null'}, to=program.Location{x=234, y=234, z=324, name='null'}, distance=null}}
[INFO ] 2020-07-04 12:00:28.411  - –ö–æ–º–º–∞–Ω–¥–∞ –æ–±—Ä–∞–±–æ—Ç–∞–Ω–∞ —É—Å–ø–µ—à–Ω–æ. –û—Ç–≤–µ—Ç:–≠–ª–µ–º–µ–Ω—Ç —Å id: 4 —É—Å–ø–µ—à–Ω–æ –¥–æ–±–∞–≤–ª–µ–Ω
end
[INFO ] 2020-07-04 12:00:31.920  - –í—ã–∑–≤–∞–Ω–∞ –∫–æ–º–∞–Ω–∞–¥–∞: Command{current=SHOW}
[INFO ] 2020-07-04 12:00:31.922  - –ö–æ–º–º–∞–Ω–¥–∞ –æ–±—Ä–∞–±–æ—Ç–∞–Ω–∞ —É—Å–ø–µ—à–Ω–æ. –û—Ç–≤–µ—Ç:–í—Å–µ –¥–æ–±–∞–≤–ª–µ–Ω–Ω—ã–µ —ç–ª–µ–º–µ–Ω—Ç—ã –ø–æ–æ–ª—å–∑–æ–≤–∞—Ç–µ–ª—è: ya
program.Route{id=1, name='123', coordinates=program.Coordinates{x=123, y=123}, creationDate=2020-07-04T11:58:57.136545900+03:00[Europe/Moscow], from=program.Location{x=123, y=1231, z=23123, name='123'}, to=program.Location{x=123, y=123, z=1231, name='231'}, distance=123}
program.Route{id=2, name='13', coordinates=program.Coordinates{x=123, y=123}, creationDate=2020-07-04T11:59:19.184531+03:00[Europe/Moscow], from=null, to=program.Location{x=123, y=132, z=123, name='null'}, distance=null}
program.Route{id=3, name='123', coordinates=program.Coordinates{x=12334, y=234}, creationDate=2020-07-04T11:59:46.331918100+03:00[Europe/Moscow], from=null, to=program.Location{x=234, y=234, z=234, name='234234'}, distance=123213}
program.Route{id=4, name='123123', coordinates=program.Coordinates{x=234, y=234}, creationDate=2020-07-04T12:00:18.678821900+03:00[Europe/Moscow], from=program.Location{x=234, y=234, z=234, name='null'}, to=program.Location{x=234, y=234, z=324, name='null'}, distance=null}
end
[INFO ] 2020-07-04 12:00:37.424  - –°–æ–µ–¥–∏–Ω–µ–Ω–∏–µ —Ä–∞–∑–æ—Ä–≤–∞–Ω–æ. –°–µ—Ä–≤–µ—Ä –ø—Ä–æ–¥–æ–ª–∂–∏–ª —Ä–∞–±–æ—Ç–∞—Ç—å.
[INFO ] 2020-07-04 12:00:44.888  - –°–µ—Ä–≤–µ—Ä –∑–∞–∫—Ä—ã—Ç
[INFO ] 2020-07-04 12:00:53.654  - –°–µ—Ä–≤–µ—Ä –∑–∞–ø—É—â–µ–Ω. /127.0.0.1:4329
[INFO ] 2020-07-04 12:00:54.005  - –°–µ—Ä–≤–µ—Ä –∑–∞–∫—Ä—ã—Ç
[INFO ] 2020-07-04 12:02:27.481  - –°–µ—Ä–≤–µ—Ä –∑–∞–ø—É—â–µ–Ω. /127.0.0.1:4329
[INFO ] 2020-07-04 12:02:27.887  - –°–µ—Ä–≤–µ—Ä –∑–∞–∫—Ä—ã—Ç
[INFO ] 2020-07-04 12:06:12.684  - –°–µ—Ä–≤–µ—Ä –∑–∞–ø—É—â–µ–Ω. /127.0.0.1:4329
[INFO ] 2020-07-04 12:07:28.774  - –í—ã–∑–≤–∞–Ω–∞ –∫–æ–º–∞–Ω–∞–¥–∞: Command{current=SHOW}
[INFO ] 2020-07-04 12:07:28.776  - –ö–æ–º–º–∞–Ω–¥–∞ –æ–±—Ä–∞–±–æ—Ç–∞–Ω–∞ —É—Å–ø–µ—à–Ω–æ. –û—Ç–≤–µ—Ç:–ù–µ —É–¥–∞—ë—Ç—Å—è –≤—ã–ø–æ–ª–Ω–∏—Ç—å –∫–æ–º–∞–Ω–¥—É.
–ü–æ–∂–∞–ª—É–π—Å—Ç–∞, –ø—Ä–æ–≤–µ—Ä—å—Ç–µ –ø—Ä–∞–≤–∏–ª—å–Ω–æ—Å—Ç—å –Ω–∞–ø–∏—Å–∞–Ω–∏—è –ª–æ–≥–∏–Ω–∞ –∏ –ø–∞—Ä–æ–ª—è.
end
[INFO ] 2020-07-04 12:07:37.745  - –í—ã–∑–≤–∞–Ω–∞ –∫–æ–º–∞–Ω–∞–¥–∞: Command{current=LOGIN}
[INFO ] 2020-07-04 12:07:37.745  - –ö–æ–º–º–∞–Ω–¥–∞ –æ–±—Ä–∞–±–æ—Ç–∞–Ω–∞ —É—Å–ø–µ—à–Ω–æ. –û—Ç–≤–µ—Ç:–í—ã –≤–æ—à–ª–∏ –ø–æ–¥ –ª–æ–≥–∏–Ω–æ–º: ya
end
[INFO ] 2020-07-04 12:07:41.307  - –í—ã–∑–≤–∞–Ω–∞ –∫–æ–º–∞–Ω–∞–¥–∞: Command{current=SHOW}
[INFO ] 2020-07-04 12:07:41.308  - –ö–æ–º–º–∞–Ω–¥–∞ –æ–±—Ä–∞–±–æ—Ç–∞–Ω–∞ —É—Å–ø–µ—à–Ω–æ. –û—Ç–≤–µ—Ç:–í—Å–µ –¥–æ–±–∞–≤–ª–µ–Ω–Ω—ã–µ —ç–ª–µ–º–µ–Ω—Ç—ã –ø–æ–æ–ª—å–∑–æ–≤–∞—Ç–µ–ª—è: ya
program.Route{id=1, name='123', coordinates=program.Coordinates{x=123, y=123}, creationDate=2020-07-04T11:58:57.136545900+03:00[Europe/Moscow], from=program.Location{x=123, y=1231, z=23123, name='123'}, to=program.Location{x=123, y=1231, z=23123, name='123'}, distance=123}
program.Route{id=3, name='123', coordinates=program.Coordinates{x=12334, y=234}, creationDate=2020-07-04T11:59:46.331918100+03:00[Europe/Moscow], from=null, to=program.Location{x=0, y=0, z=0, name='null'}, distance=123213}
end
[INFO ] 2020-07-04 12:10:37.300  - –°–µ—Ä–≤–µ—Ä –∑–∞–ø—É—â–µ–Ω. /127.0.0.1:4329
[INFO ] 2020-07-04 12:11:02.857  - –í—ã–∑–≤–∞–Ω–∞ –∫–æ–º–∞–Ω–∞–¥–∞: Command{current=LOGIN}
[INFO ] 2020-07-04 12:11:02.859  - –ö–æ–º–º–∞–Ω–¥–∞ –æ–±—Ä–∞–±–æ—Ç–∞–Ω–∞ —É—Å–ø–µ—à–Ω–æ. –û—Ç–≤–µ—Ç:–í—ã –≤–æ—à–ª–∏ –ø–æ–¥ –ª–æ–≥–∏–Ω–æ–º: ya
end
[INFO ] 2020-07-04 12:11:06.380  - –í—ã–∑–≤–∞–Ω–∞ –∫–æ–º–∞–Ω–∞–¥–∞: Command{current=SHOW}
[INFO ] 2020-07-04 12:11:06.380  - –ö–æ–º–º–∞–Ω–¥–∞ –æ–±—Ä–∞–±–æ—Ç–∞–Ω–∞ —É—Å–ø–µ—à–Ω–æ. –û—Ç–≤–µ—Ç:–í—Å–µ –¥–æ–±–∞–≤–ª–µ–Ω–Ω—ã–µ —ç–ª–µ–º–µ–Ω—Ç—ã –ø–æ–æ–ª—å–∑–æ–≤–∞—Ç–µ–ª—è: ya
program.Route{id=1, name='123', coordinates=program.Coordinates{x=123, y=123}, creationDate=2020-07-04T11:58:57.136545900+03:00[Europe/Moscow], from=program.Location{x=123, y=1231, z=23123, name='123'}, to=program.Location{x=123, y=123, z=1231, name='231'}, distance=123}
program.Route{id=3, name='123', coordinates=program.Coordinates{x=12334, y=234}, creationDate=2020-07-04T11:59:46.331918100+03:00[Europe/Moscow], from=null, to=program.Location{x=234, y=234, z=234, name='234234'}, distance=123213}
end
[INFO ] 2020-07-04 12:13:11.884  - –°–µ—Ä–≤–µ—Ä –∑–∞–ø—É—â–µ–Ω. /127.0.0.1:4329
[INFO ] 2020-07-04 12:13:29.334  - –í—ã–∑–≤–∞–Ω–∞ –∫–æ–º–∞–Ω–∞–¥–∞: Command{current=LOGIN}
[INFO ] 2020-07-04 12:13:29.336  - –ö–æ–º–º–∞–Ω–¥–∞ –æ–±—Ä–∞–±–æ—Ç–∞–Ω–∞ —É—Å–ø–µ—à–Ω–æ. –û—Ç–≤–µ—Ç:–í—ã –≤–æ—à–ª–∏ –ø–æ–¥ –ª–æ–≥–∏–Ω–æ–º: ya
end
[INFO ] 2020-07-04 12:13:36.838  - –í—ã–∑–≤–∞–Ω–∞ –∫–æ–º–∞–Ω–∞–¥–∞: Command{current=SHOW}
[INFO ] 2020-07-04 12:13:36.838  - –ö–æ–º–º–∞–Ω–¥–∞ –æ–±—Ä–∞–±–æ—Ç–∞–Ω–∞ —É—Å–ø–µ—à–Ω–æ. –û—Ç–≤–µ—Ç:–í—Å–µ –¥–æ–±–∞–≤–ª–µ–Ω–Ω—ã–µ —ç–ª–µ–º–µ–Ω—Ç—ã –ø–æ–æ–ª—å–∑–æ–≤–∞—Ç–µ–ª—è: ya
program.Route{id=1, name='123', coordinates=program.Coordinates{x=123, y=123}, creationDate=2020-07-04T11:58:57.136545900+03:00[Europe/Moscow], from=program.Location{x=123, y=1231, z=23123, name='123'}, to=program.Location{x=123, y=123, z=1231, name='231'}, distance=123}
program.Route{id=2, name='13', coordinates=program.Coordinates{x=123, y=123}, creationDate=2020-07-04T11:59:19.184531+03:00[Europe/Moscow], from=null, to=program.Location{x=123, y=132, z=123, name='null'}, distance=null}
program.Route{id=3, name='123', coordinates=program.Coordinates{x=12334, y=234}, creationDate=2020-07-04T11:59:46.331918100+03:00[Europe/Moscow], from=null, to=program.Location{x=234, y=234, z=234, name='234234'}, distance=123213}
program.Route{id=4, name='123123', coordinates=program.Coordinates{x=234, y=234}, creationDate=2020-07-04T12:00:18.678821900+03:00[Europe/Moscow], from=program.Location{x=234, y=234, z=234, name='null'}, to=program.Location{x=234, y=234, z=324, name='null'}, distance=null}
end
[INFO ] 2020-07-04 13:20:33.835  - –°–µ—Ä–≤–µ—Ä –∑–∞–ø—É—â–µ–Ω. /127.0.0.1:4329
[INFO ] 2020-07-04 13:20:59.041  - –í—ã–∑–≤–∞–Ω–∞ –∫–æ–º–∞–Ω–∞–¥–∞: Command{current=LOGIN}
[INFO ] 2020-07-04 13:20:59.045  - –ö–æ–º–º–∞–Ω–¥–∞ –æ–±—Ä–∞–±–æ—Ç–∞–Ω–∞ —É—Å–ø–µ—à–Ω–æ. –û—Ç–≤–µ—Ç:–í—ã –≤–æ—à–ª–∏ –ø–æ–¥ –ª–æ–≥–∏–Ω–æ–º: ya
end
[INFO ] 2020-07-04 13:24:47.921  - —Â‚Â Á‡ÔÛ˘ÂÌ. /127.0.0.1:4329
[INFO ] 2020-07-04 20:14:13.100  - –°–µ—Ä–≤–µ—Ä –∑–∞–ø—É—â–µ–Ω. /127.0.0.1:4329
[INFO ] 2020-07-04 20:14:35.243  - –í—ã–∑–≤–∞–Ω–∞ –∫–æ–º–∞–Ω–∞–¥–∞: RemoveById{id=1}
[INFO ] 2020-07-04 20:14:35.247  - –ö–æ–º–º–∞–Ω–¥–∞ –æ–±—Ä–∞–±–æ—Ç–∞–Ω–∞ —É—Å–ø–µ—à–Ω–æ. –û—Ç–≤–µ—Ç:–ù–µ —É–¥–∞—ë—Ç—Å—è –≤—ã–ø–æ–ª–Ω–∏—Ç—å –∫–æ–º–∞–Ω–¥—É.
–ü–æ–∂–∞–ª—É–π—Å—Ç–∞, –ø—Ä–æ–≤–µ—Ä—å—Ç–µ –ø—Ä–∞–≤–∏–ª—å–Ω–æ—Å—Ç—å –Ω–∞–ø–∏—Å–∞–Ω–∏—è –ª–æ–≥–∏–Ω–∞ –∏ –ø–∞—Ä–æ–ª—è.
end
[INFO ] 2020-07-04 20:14:45.198  - –í—ã–∑–≤–∞–Ω–∞ –∫–æ–º–∞–Ω–∞–¥–∞: Command{current=LOGIN}
[INFO ] 2020-07-04 20:14:45.199  - –ö–æ–º–º–∞–Ω–¥–∞ –æ–±—Ä–∞–±–æ—Ç–∞–Ω–∞ —É—Å–ø–µ—à–Ω–æ. –û—Ç–≤–µ—Ç:–í—ã –≤–æ—à–ª–∏ –ø–æ–¥ –ª–æ–≥–∏–Ω–æ–º: a
end
[INFO ] 2020-07-04 20:15:11.242  - –í—ã–∑–≤–∞–Ω–∞ –∫–æ–º–∞–Ω–∞–¥–∞: RemoveById{id=1}
[INFO ] 2020-07-04 20:15:11.242  - –ö–æ–º–º–∞–Ω–¥–∞ –æ–±—Ä–∞–±–æ—Ç–∞–Ω–∞ —É—Å–ø–µ—à–Ω–æ. –û—Ç–≤–µ—Ç:–≠–ª–µ–º–µ–Ω—Ç —Å id: 1 —É—Å–ø–µ—à–Ω–æ —É–¥–∞–ª–µ–Ω
end
[INFO ] 2020-07-04 20:15:16.332  - –í—ã–∑–≤–∞–Ω–∞ –∫–æ–º–∞–Ω–∞–¥–∞: Command{current=SHOW}
[INFO ] 2020-07-04 20:15:16.332  - –ö–æ–º–º–∞–Ω–¥–∞ –æ–±—Ä–∞–±–æ—Ç–∞–Ω–∞ —É—Å–ø–µ—à–Ω–æ. –û—Ç–≤–µ—Ç:–í—Å–µ –¥–æ–±–∞–≤–ª–µ–Ω–Ω—ã–µ —ç–ª–µ–º–µ–Ω—Ç—ã –ø–æ–æ–ª—å–∑–æ–≤–∞—Ç–µ–ª—è: a
program.Route{id=5, name='2232', coordinates=program.Coordinates{x=23432, y=23432}, creationDate=2020-07-04T18:35:35.656622700+03:00[Europe/Moscow], from=null, to=program.Location{x=23423, y=32432, z=23423, name='234'}, distance=234}
–í—Å–µ –¥–æ–±–∞–≤–ª–µ–Ω–Ω—ã–µ —ç–ª–µ–º–µ–Ω—Ç—ã –ø–æ–æ–ª—å–∑–æ–≤–∞—Ç–µ–ª—è: —é—ç
–í –∫–æ–ª–ª–µ–∫—Ü–∏–∏ –Ω–µ—Ç —ç–ª–µ–º–µ–Ω—Ç–æ–≤
–í—Å–µ –¥–æ–±–∞–≤–ª–µ–Ω–Ω—ã–µ —ç–ª–µ–º–µ–Ω—Ç—ã –ø–æ–æ–ª—å–∑–æ–≤–∞—Ç–µ–ª—è: ya
program.Route{id=1, name='123', coordinates=program.Coordinates{x=123, y=123}, creationDate=2020-07-04T11:58:57.136545900+03:00[Europe/Moscow], from=program.Location{x=123, y=1231, z=23123, name='123'}, to=program.Location{x=123, y=123, z=1231, name='231'}, distance=123}
program.Route{id=2, name='13', coordinates=program.Coordinates{x=123, y=123}, creationDate=2020-07-04T11:59:19.184531+03:00[Europe/Moscow], from=null, to=program.Location{x=123, y=132, z=123, name='null'}, distance=null}
program.Route{id=3, name='123', coordinates=program.Coordinates{x=12334, y=234}, creationDate=2020-07-04T11:59:46.331918100+03:00[Europe/Moscow], from=null, to=program.Location{x=234, y=234, z=234, name='234234'}, distance=123213}
program.Route{id=4, name='123123', coordinates=program.Coordinates{x=234, y=234}, creationDate=2020-07-04T12:00:18.678821900+03:00[Europe/Moscow], from=program.Location{x=234, y=234, z=234, name='null'}, to=program.Location{x=234, y=234, z=324, name='null'}, distance=null}
–í—Å–µ –¥–æ–±–∞–≤–ª–µ–Ω–Ω—ã–µ —ç–ª–µ–º–µ–Ω—Ç—ã –ø–æ–æ–ª—å–∑–æ–≤–∞—Ç–µ–ª—è: 124
–í –∫–æ–ª–ª–µ–∫—Ü–∏–∏ –Ω–µ—Ç —ç–ª–µ–º–µ–Ω—Ç–æ–≤
end
[INFO ] 2020-07-04 20:15:29.270  - –í—ã–∑–≤–∞–Ω–∞ –∫–æ–º–∞–Ω–∞–¥–∞: RemoveById{id=2}
[INFO ] 2020-07-04 20:15:29.270  - –ö–æ–º–º–∞–Ω–¥–∞ –æ–±—Ä–∞–±–æ—Ç–∞–Ω–∞ —É—Å–ø–µ—à–Ω–æ. –û—Ç–≤–µ—Ç:–≠–ª–µ–º–µ–Ω—Ç —Å id: 2 —É—Å–ø–µ—à–Ω–æ —É–¥–∞–ª–µ–Ω
end
[INFO ] 2020-07-04 20:15:34.780  - –í—ã–∑–≤–∞–Ω–∞ –∫–æ–º–∞–Ω–∞–¥–∞: Command{current=SHOW}
[INFO ] 2020-07-04 20:15:34.781  - –ö–æ–º–º–∞–Ω–¥–∞ –æ–±—Ä–∞–±–æ—Ç–∞–Ω–∞ —É—Å–ø–µ—à–Ω–æ. –û—Ç–≤–µ—Ç:–í—Å–µ –¥–æ–±–∞–≤–ª–µ–Ω–Ω—ã–µ —ç–ª–µ–º–µ–Ω—Ç—ã –ø–æ–æ–ª—å–∑–æ–≤–∞—Ç–µ–ª—è: a
program.Route{id=5, name='2232', coordinates=program.Coordinates{x=23432, y=23432}, creationDate=2020-07-04T18:35:35.656622700+03:00[Europe/Moscow], from=null, to=program.Location{x=23423, y=32432, z=23423, name='234'}, distance=234}
–í—Å–µ –¥–æ–±–∞–≤–ª–µ–Ω–Ω—ã–µ —ç–ª–µ–º–µ–Ω—Ç—ã –ø–æ–æ–ª—å–∑–æ–≤–∞—Ç–µ–ª—è: —é—ç
–í –∫–æ–ª–ª–µ–∫—Ü–∏–∏ –Ω–µ—Ç —ç–ª–µ–º–µ–Ω—Ç–æ–≤
–í—Å–µ –¥–æ–±–∞–≤–ª–µ–Ω–Ω—ã–µ —ç–ª–µ–º–µ–Ω—Ç—ã –ø–æ–æ–ª—å–∑–æ–≤–∞—Ç–µ–ª—è: ya
program.Route{id=1, name='123', coordinates=program.Coordinates{x=123, y=123}, creationDate=2020-07-04T11:58:57.136545900+03:00[Europe/Moscow], from=program.Location{x=123, y=1231, z=23123, name='123'}, to=program.Location{x=123, y=123, z=1231, name='231'}, distance=123}
program.Route{id=2, name='13', coordinates=program.Coordinates{x=123, y=123}, creationDate=2020-07-04T11:59:19.184531+03:00[Europe/Moscow], from=null, to=program.Location{x=123, y=132, z=123, name='null'}, distance=null}
program.Route{id=3, name='123', coordinates=program.Coordinates{x=12334, y=234}, creationDate=2020-07-04T11:59:46.331918100+03:00[Europe/Moscow], from=null, to=program.Location{x=234, y=234, z=234, name='234234'}, distance=123213}
program.Route{id=4, name='123123', coordinates=program.Coordinates{x=234, y=234}, creationDate=2020-07-04T12:00:18.678821900+03:00[Europe/Moscow], from=program.Location{x=234, y=234, z=234, name='null'}, to=program.Location{x=234, y=234, z=324, name='null'}, distance=null}
–í—Å–µ –¥–æ–±–∞–≤–ª–µ–Ω–Ω—ã–µ —ç–ª–µ–º–µ–Ω—Ç—ã –ø–æ–æ–ª—å–∑–æ–≤–∞—Ç–µ–ª—è: 124
–í –∫–æ–ª–ª–µ–∫—Ü–∏–∏ –Ω–µ—Ç —ç–ª–µ–º–µ–Ω—Ç–æ–≤
end
